<?xml version="1.0" encoding="UTF-8"?>
<coverage generated="1677691947235" clover="3.2.0">
  <project timestamp="1677691947235" name="All files">
    <metrics statements="26" coveredstatements="25" conditionals="2" coveredconditionals="1" methods="10" coveredmethods="10" elements="38" coveredelements="36" complexity="0" loc="26" ncloc="26" packages="1" files="2" classes="2"/>
    <file name="car.js" path="/Users/ramirorichmand/c8_coursework/week_7/day_3/Lab_CarDealership/car.js">
      <metrics statements="6" coveredstatements="6" conditionals="0" coveredconditionals="0" methods="1" coveredmethods="1"/>
      <line num="1" count="2" type="stmt"/>
      <line num="2" count="26" type="stmt"/>
      <line num="3" count="26" type="stmt"/>
      <line num="4" count="26" type="stmt"/>
      <line num="5" count="26" type="stmt"/>
      <line num="8" count="2" type="stmt"/>
    </file>
    <file name="dealership.js" path="/Users/ramirorichmand/c8_coursework/week_7/day_3/Lab_CarDealership/dealership.js">
      <metrics statements="20" coveredstatements="19" conditionals="2" coveredconditionals="1" methods="9" coveredmethods="9"/>
      <line num="1" count="1" type="stmt"/>
      <line num="3" count="1" type="stmt"/>
      <line num="4" count="6" type="stmt"/>
      <line num="5" count="6" type="stmt"/>
      <line num="6" count="6" type="stmt"/>
      <line num="9" count="1" type="stmt"/>
      <line num="10" count="2" type="stmt"/>
      <line num="13" count="1" type="stmt"/>
      <line num="14" count="7" type="cond" truecount="1" falsecount="1"/>
      <line num="15" count="7" type="stmt"/>
      <line num="16" count="7" type="stmt"/>
      <line num="18" count="0" type="stmt"/>
      <line num="21" count="1" type="stmt"/>
      <line num="22" count="2" type="stmt"/>
      <line num="26" count="1" type="stmt"/>
      <line num="27" count="2" type="stmt"/>
      <line num="28" count="2" type="stmt"/>
      <line num="32" count="1" type="stmt"/>
      <line num="33" count="2" type="stmt"/>
      <line num="44" count="1" type="stmt"/>
    </file>
  </project>
</coverage>
