TN:
SF:car.js
FN:1,(anonymous_0)
FNF:1
FNH:1
FNDA:26,(anonymous_0)
DA:1,2
DA:2,26
DA:3,26
DA:4,26
DA:5,26
DA:8,2
LF:6
LH:6
BRF:0
BRH:0
end_of_record
TN:
SF:dealership.js
FN:3,(anonymous_0)
FN:9,(anonymous_1)
FN:13,(anonymous_2)
FN:21,(anonymous_3)
FN:22,(anonymous_4)
FN:26,(anonymous_5)
FN:27,(anonymous_6)
FN:32,(anonymous_7)
FN:33,(anonymous_8)
FNF:9
FNH:9
FNDA:6,(anonymous_0)
FNDA:2,(anonymous_1)
FNDA:7,(anonymous_2)
FNDA:1,(anonymous_3)
FNDA:2,(anonymous_4)
FNDA:2,(anonymous_5)
FNDA:2,(anonymous_6)
FNDA:1,(anonymous_7)
FNDA:2,(anonymous_8)
DA:1,1
DA:3,1
DA:4,6
DA:5,6
DA:6,6
DA:9,1
DA:10,2
DA:13,1
DA:14,7
DA:15,7
DA:16,7
DA:18,0
DA:21,1
DA:22,2
DA:26,1
DA:27,2
DA:28,2
DA:32,1
DA:33,2
DA:44,1
LF:20
LH:19
BRDA:14,0,0,7
BRDA:14,0,1,0
BRF:2
BRH:1
end_of_record
